[debug] [2019-07-16T14:14:31.211Z] ----------------------------------------------------------------------
[debug] [2019-07-16T14:14:31.218Z] Command:       C:\Program Files\nodejs\node.exe C:\Program Files\nodejs\node_modules\firebase-tools\lib\bin\firebase.js deploy --only functions
[debug] [2019-07-16T14:14:31.219Z] CLI Version:   7.0.2
[debug] [2019-07-16T14:14:31.219Z] Platform:      win32
[debug] [2019-07-16T14:14:31.219Z] Node Version:  v10.3.0
[debug] [2019-07-16T14:14:31.230Z] Time:          Tue Jul 16 2019 19:44:31 GMT+0530 (Sri Lanka Standard Time)
[debug] [2019-07-16T14:14:31.230Z] ----------------------------------------------------------------------
[debug] 
[debug] [2019-07-16T14:14:31.359Z] > command requires scopes: ["email","openid","https://www.googleapis.com/auth/cloudplatformprojects.readonly","https://www.googleapis.com/auth/firebase","https://www.googleapis.com/auth/cloud-platform"]
[debug] [2019-07-16T14:14:31.361Z] > authorizing via signed-in user
[debug] [2019-07-16T14:14:31.361Z] [iam] checking project fir-1519f for permissions ["cloudfunctions.functions.create","cloudfunctions.functions.delete","cloudfunctions.functions.get","cloudfunctions.functions.list","cloudfunctions.functions.update","cloudfunctions.operations.get","firebase.projects.get"]
[debug] [2019-07-16T14:14:31.366Z] >>> HTTP REQUEST POST https://cloudresourcemanager.googleapis.com/v1/projects/fir-1519f:testIamPermissions  

[debug] [2019-07-16T14:14:33.333Z] <<< HTTP RESPONSE 200
[warn] !  functions: package.json indicates an outdated version of firebase-functions.
 Please upgrade using npm install --save firebase-functions@latest in your functions directory.
[info] 
[info] === Deploying to 'fir-1519f'...
[info] 
[info] i  deploying functions
[debug] [2019-07-16T14:15:37.911Z] > [functions] package.json contents: {
  "name": "connectazure",
  "description": "Generate connection with azure Firebase Functions sample",
  "dependencies": {
    "azure-iot-device": "^1.7.1",
    "azure-iot-device-amqp": "^1.7.1",
    "azure-iot-device-http": "^1.7.1",
    "azure-iot-device-mqtt": "^1.7.1",
    "body-parser": "^1.19.0",
    "cors": "^2.8.5",
    "es5-shim": "^4.5.9",
    "express": "^4.17.1",
    "uuid": "^3.3.0",
    "child-process-promise": "^2.2.0",
    "mkdirp": "^0.5.1",
    "mkdirp-promise": "^4.0.0",
    "firebase-admin": "~7.0.0",
    "firebase-functions": "^2.2.0"
  },
  "devDependencies": {
    "eslint": "^4.13.1",
    "eslint-plugin-promise": "^3.6.0"
  },
  "scripts": {
    "lint": "./node_modules/.bin/eslint --max-warnings=0 .",
    "serve": "firebase serve --only functions",
    "shell": "firebase experimental:functions:shell",
    "start": "npm run shell",
    "deploy": "firebase deploy --only functions",
    "logs": "firebase functions:log"
  },
  "engines": {
    "node": "8"
  },
  "private": true
}
[info] i  functions: ensuring necessary APIs are enabled...
[debug] [2019-07-16T14:15:37.919Z] >>> HTTP REQUEST GET https://servicemanagement.googleapis.com/v1/services/cloudfunctions.googleapis.com/projectSettings/fir-1519f?view=CONSUMER_VIEW  
 
[debug] [2019-07-16T14:15:37.920Z] >>> HTTP REQUEST GET https://servicemanagement.googleapis.com/v1/services/runtimeconfig.googleapis.com/projectSettings/fir-1519f?view=CONSUMER_VIEW  
 
[debug] [2019-07-16T14:15:40.815Z] <<< HTTP RESPONSE 200
[debug] [2019-07-16T14:15:41.080Z] <<< HTTP RESPONSE 200
[info] +  functions: all necessary APIs are enabled
[debug] [2019-07-16T14:15:41.086Z] >>> HTTP REQUEST GET https://cloudresourcemanager.googleapis.com/v1/projects/fir-1519f  
 
[debug] [2019-07-16T14:15:42.885Z] <<< HTTP RESPONSE 200
[debug] [2019-07-16T14:15:42.885Z] >>> HTTP REQUEST GET https://mobilesdk-pa.googleapis.com/v1/projects/680267455925:getServerAppConfig  
 
[debug] [2019-07-16T14:15:43.817Z] <<< HTTP RESPONSE 200
[info] i  functions: preparing functions directory for uploading...
[debug] [2019-07-16T14:15:43.827Z] >>> HTTP REQUEST GET https://runtimeconfig.googleapis.com/v1beta1/projects/fir-1519f/configs  
 
[debug] [2019-07-16T14:15:44.505Z] <<< HTTP RESPONSE 200
[info] i  functions: packaged functions (53.34 KB) for uploading
[debug] [2019-07-16T14:16:03.218Z] >>> HTTP REQUEST POST https://cloudfunctions.googleapis.com/v1/projects/fir-1519f/locations/us-central1/functions:generateUploadUrl  
 
[debug] [2019-07-16T14:16:45.800Z] <<< HTTP RESPONSE 200
[debug] [2019-07-16T14:16:45.801Z] >>> HTTP REQUEST PUT https://storage.googleapis.com/gcf-upload-us-central1-fe2f02db-e0e8-414b-8e86-33dddb9eec55/0fae99e7-61f1-424f-b6bc-78d22b6ba47c.zip?GoogleAccessId=service-680267455925@gcf-admin-robot.iam.gserviceaccount.com&Expires=1563288415&Signature=wi%2FUcZ%2FLXfCNIANEUioglWR%2FvdooqTSyO7lPs3QoRAJiWTR6QGotEmxuW6bmR4Y%2FNEXgGXo9NcSGN%2BQgMUXs%2F4ZDESid5YIhmBbVfpdRPk%2BNraRc0qMJ5VTqYtUHlT0NjxXSj2YLiansu7Wm7UzSyz8vgTyfUSxjjSL%2FagLUqa5b4yCy1eUDbFZx63OVqNSEpHka%2FegArSA%2BWcMs7XOTyGoXPBd6ylkzsy39QJCo%2B%2FbA9NKfZY7Fd7cfSIPkqN0%2FevYDu0Jnzh0rPWILQw9vgo1w2YazgHvUEDjvy51rTBryfAjg6ZTbWUqCO%2F27xhryMg%2Fx8ZUaY9nPenxO4m7DDg%3D%3D  

